<?xml version="1.0" encoding="UTF-8"?>
<!-- Generated by org.testng.reporters.JUnitReportReporter -->
<testsuite hostname="LAPTOP-PNIURK2S" failures="0" tests="1" name="com.saucedemo.Testcases.Tc_001" time="55.572" errors="0" timestamp="2022-12-14T01:29:03 IST" skipped="0">
  <testcase classname="com.saucedemo.Testcases.Tc_001" name="verifyLoginPage" time="55.572"/>
  <system-out/>
</testsuite> <!-- com.saucedemo.Testcases.Tc_001 -->
